2022-01-26 19:18:08,341 [INFO] Found existing book -> studentLoan2019-2020Doc2.
2022-01-26 19:22:51,904 [INFO] Found existing book -> studentLoan2019-2020Doc2.
2022-01-26 19:24:00,508 [INFO] Found existing book "studentLoan2019-2020Doc2".
2022-01-26 19:24:22,863 [INFO] Found existing book "studentLoan2019-2020Doc2".
2022-01-26 19:24:22,863 [ERROR] [Errno 2] No such file or directory: '/home/erik/Documents/PDFs/studentLoan2019-2020Doc2'
2022-01-26 19:25:47,419 [INFO] Found existing book "studentLoan2019-2020Doc2".
2022-01-26 19:25:47,419 [ERROR] [Errno 2] No such file or directory: '/home/erik/Documents/PDFs/studentLoan2019-2020Doc2'
2022-01-26 19:52:12,889 [INFO] Found existing pdf "studentLoan2019-2020Doc2".
2022-01-26 19:52:12,894 [ERROR] _insert_pdf() takes 2 positional arguments but 3 were given
2022-01-26 19:53:15,626 [INFO] Found existing pdf "studentLoan2019-2020Doc2".
2022-01-26 19:53:15,838 [ERROR] check_pdf_exists() takes 1 positional argument but 2 were given
2022-01-26 19:56:20,904 [INFO] Found existing pdf "studentLoan2019-2020Doc2".
2022-01-26 19:56:21,162 [ERROR] Cannot resolve field "signature"
2022-01-26 19:56:54,702 [INFO] Found existing pdf "studentLoan2019-2020Doc2".
2022-01-26 19:56:54,942 [INFO] Found existing pdf "studentLoan2019-2020".
2022-01-26 19:56:55,201 [INFO] Found existing pdf "Thomas_Calculus".
2022-01-26 19:56:57,665 [INFO] Found existing pdf "Gilbert Strang-Introduction to Linear Algebra-Wellesley-Cambridge Press (2016) (1)".
2022-01-26 19:56:57,964 [INFO] Found existing pdf "sendingSATScoresReceipt".
2022-01-26 19:56:58,168 [INFO] Found existing pdf "sed".
2022-01-26 19:56:58,469 [INFO] Found existing pdf "DukeCS".
2022-01-26 19:56:58,662 [INFO] Found existing pdf "uctest".
2022-01-26 19:56:58,885 [INFO] Found existing pdf "accommodation_allergy".
2022-01-26 19:56:59,161 [INFO] Found existing pdf "KNelson.Canvas.StudentPrepPlan.PLSC.200.Fall.18".
2022-01-26 19:56:59,854 [INFO] Found existing pdf "2019051422191172529(1)".
2022-01-26 19:57:00,075 [INFO] Found existing pdf "fall_2019_payment_confirmation".
2022-01-26 19:57:00,262 [INFO] Found existing pdf "immunizations_Erik_Tyryshkin".
2022-01-30 20:39:49,496 [INFO] Found existing pdf "studentLoan2019-2020Doc2".
2022-01-30 20:39:49,499 [INFO] Found existing pdf "studentLoan2019-2020".
2022-01-30 20:39:49,499 [INFO] Found existing pdf "Thomas_Calculus".
2022-01-30 20:39:49,690 [INFO] Found existing pdf "Gilbert Strang-Introduction to Linear Algebra-Wellesley-Cambridge Press (2016) (1)".
2022-01-30 20:39:49,833 [INFO] Found existing pdf "sendingSATScoresReceipt".
2022-01-30 20:39:49,834 [INFO] Found existing pdf "sed".
2022-01-30 20:39:49,835 [INFO] Found existing pdf "DukeCS".
2022-01-30 20:39:49,836 [INFO] Found existing pdf "uctest".
2022-01-30 20:39:49,836 [INFO] Found existing pdf "accommodation_allergy".
2022-01-30 20:39:49,839 [INFO] Found existing pdf "KNelson.Canvas.StudentPrepPlan.PLSC.200.Fall.18".
2022-01-30 20:39:49,843 [INFO] Found existing pdf "2019051422191172529(1)".
2022-01-30 20:39:49,845 [INFO] Found existing pdf "fall_2019_payment_confirmation".
2022-01-30 20:39:49,846 [INFO] Found existing pdf "immunizations_Erik_Tyryshkin".
2022-01-30 20:42:16,067 [INFO] Found existing pdf "studentLoan2019-2020Doc2".
2022-01-30 20:42:16,069 [ERROR] expected str, bytes or os.PathLike object, not NoneType
2022-01-30 20:42:36,793 [INFO] Found existing pdf "studentLoan2019-2020Doc2".
2022-01-30 20:42:36,795 [ERROR] expected str, bytes or os.PathLike object, not NoneType
2022-01-30 20:42:39,780 [INFO] Found existing pdf "studentLoan2019-2020Doc2".
2022-01-30 20:42:39,806 [ERROR] expected str, bytes or os.PathLike object, not NoneType
2022-01-30 20:43:03,345 [INFO] Found existing pdf "Kenneth C. Louden, Lambert - Programming Languages_ Principles and Practices-Course Technology (2011)".
2022-01-30 20:43:03,628 [INFO] Found existing pdf "freebsd_handbook".
2022-01-30 20:43:03,743 [INFO] Found existing pdf "Tom Hope, Yehezkel S. Resheff, Itay Lieder - Learning Tensorflow_ A Guide to Building Deep Learning Systems-O’Reilly Media (2017)".
2022-01-30 20:43:04,542 [INFO] Found existing pdf "Michael Rash - Linux Firewalls_ Attack Detection and Response with iptables, psad, and fwsnort (2007, No Starch Press) - libgen.lc".
2022-01-30 20:43:05,388 [INFO] Found existing pdf "IntroductoryCombinatorics".
2022-01-30 20:43:05,936 [INFO] Found existing pdf "Deep Learning".
2022-01-30 20:43:06,247 [INFO] Found existing pdf "Machine Learning for Signal Processing Data Science, Algorithms, and Computational Statistics by Max A. Little (z-lib.org)".
2022-01-30 20:43:06,878 [INFO] Found existing pdf "Michael Rash - Linux Firewalls_ Attack".
